mode: count
github.com/jordanlanch/modak-test/usecase/notification_usecase.go:15.120,20.2 1 4
github.com/jordanlanch/modak-test/usecase/notification_usecase.go:22.109,23.81 1 3
github.com/jordanlanch/modak-test/usecase/notification_usecase.go:27.2,27.73 1 2
github.com/jordanlanch/modak-test/usecase/notification_usecase.go:31.2,31.12 1 1
github.com/jordanlanch/modak-test/usecase/notification_usecase.go:23.81,25.3 1 1
github.com/jordanlanch/modak-test/usecase/notification_usecase.go:27.73,29.3 1 1
github.com/jordanlanch/modak-test/usecase/rate_limiter_usecase.go:16.64,18.2 1 1
github.com/jordanlanch/modak-test/usecase/rate_limiter_usecase.go:20.92,23.22 3 4
github.com/jordanlanch/modak-test/usecase/rate_limiter_usecase.go:33.2,33.40 1 2
github.com/jordanlanch/modak-test/usecase/rate_limiter_usecase.go:38.2,38.13 1 1
github.com/jordanlanch/modak-test/usecase/rate_limiter_usecase.go:23.22,26.3 1 1
github.com/jordanlanch/modak-test/usecase/rate_limiter_usecase.go:26.8,26.23 1 3
github.com/jordanlanch/modak-test/usecase/rate_limiter_usecase.go:26.23,30.3 2 1
github.com/jordanlanch/modak-test/usecase/rate_limiter_usecase.go:33.40,36.3 1 1
github.com/jordanlanch/modak-test/usecase/rate_limiter_usecase.go:41.62,42.21 1 2
github.com/jordanlanch/modak-test/usecase/rate_limiter_usecase.go:43.16,44.11 1 2
github.com/jordanlanch/modak-test/usecase/rate_limiter_usecase.go:45.14,46.11 1 0
github.com/jordanlanch/modak-test/usecase/rate_limiter_usecase.go:47.19,48.11 1 0
github.com/jordanlanch/modak-test/usecase/rate_limiter_usecase.go:49.10,50.11 1 0
